<?xml version="1.0" encoding="UTF-8" ?>
<testsuites disabled="0" errors="0" failures="0" tests="5" time="41.501">
 <testsuite name="Symphony QA Test Automation Challenge tests - Task 1" timestamp="2019-06-28T14:29:14" hostname="localhost" time="41.501" errors="0" tests="5" skipped="0" disabled="0" failures="0">
  <testcase classname="Symphony QA Test Automation Challenge tests - Task 1" name="Maximize browser window and navigate to page" time="5.051" />
  <testcase classname="Symphony QA Test Automation Challenge tests - Task 1" name="Create account" time="15.409" />
  <testcase classname="Symphony QA Test Automation Challenge tests - Task 1" name="Popular products category has 7 products" time="7.541" />
  <testcase classname="Symphony QA Test Automation Challenge tests - Task 1" name="Best seller category has 7 products" time="7.28" />
  <testcase classname="Symphony QA Test Automation Challenge tests - Task 1" name="Search for printed dresses and save results" time="6.22" />
 </testsuite>
</testsuites>